<?xml version="1.0" encoding="UTF-8"?>
<testsuite xmlns:xsi="http://www.w3.org/2001/XMLSchema-instance" xsi:noNamespaceSchemaLocation="https://maven.apache.org/surefire/maven-surefire-plugin/xsd/surefire-test-report-3.0.xsd" version="3.0" name="eci.edu.cvds.tdd.registry.RegistryTest" time="0.001" tests="8" errors="0" skipped="0" failures="0">
  <properties>
    <property name="java.specification.version" value="19"/>
    <property name="sun.cpu.isalist" value="amd64"/>
    <property name="sun.jnu.encoding" value="Cp1252"/>
    <property name="java.class.path" value="C:\Users\Juanes\OneDrive\Escritorio\CVDS\Lab02CVDS\target\test-classes;C:\Users\Juanes\OneDrive\Escritorio\CVDS\Lab02CVDS\target\classes;C:\Users\Juanes\.m2\repository\junit\junit\4.13.2\junit-4.13.2.jar;C:\Users\Juanes\.m2\repository\org\hamcrest\hamcrest-core\1.3\hamcrest-core-1.3.jar;C:\Users\Juanes\.m2\repository\edu\eci\cvds\aerodescuentos\1.0.0\aerodescuentos-1.0.0.jar;"/>
    <property name="java.vm.vendor" value="Oracle Corporation"/>
    <property name="sun.arch.data.model" value="64"/>
    <property name="user.variant" value=""/>
    <property name="java.vendor.url" value="https://java.oracle.com/"/>
    <property name="user.timezone" value="America/Bogota"/>
    <property name="os.name" value="Windows 10"/>
    <property name="java.vm.specification.version" value="19"/>
    <property name="sun.java.launcher" value="SUN_STANDARD"/>
    <property name="user.country" value="CO"/>
    <property name="sun.boot.library.path" value="C:\Program Files\Java\jdk-19\bin"/>
    <property name="sun.java.command" value="C:\Users\Juanes\AppData\Local\Temp\surefire5389452427092500856\surefirebooter-20240213175256212_3.jar C:\Users\Juanes\AppData\Local\Temp\surefire5389452427092500856 2024-02-13T17-52-56_088-jvmRun1 surefire-20240213175256212_1tmp surefire_0-20240213175256212_2tmp"/>
    <property name="jdk.debug" value="release"/>
    <property name="surefire.test.class.path" value="C:\Users\Juanes\OneDrive\Escritorio\CVDS\Lab02CVDS\target\test-classes;C:\Users\Juanes\OneDrive\Escritorio\CVDS\Lab02CVDS\target\classes;C:\Users\Juanes\.m2\repository\junit\junit\4.13.2\junit-4.13.2.jar;C:\Users\Juanes\.m2\repository\org\hamcrest\hamcrest-core\1.3\hamcrest-core-1.3.jar;C:\Users\Juanes\.m2\repository\edu\eci\cvds\aerodescuentos\1.0.0\aerodescuentos-1.0.0.jar;"/>
    <property name="sun.cpu.endian" value="little"/>
    <property name="user.home" value="C:\Users\Juanes"/>
    <property name="user.language" value="es"/>
    <property name="java.specification.vendor" value="Oracle Corporation"/>
    <property name="java.version.date" value="2022-09-20"/>
    <property name="java.home" value="C:\Program Files\Java\jdk-19"/>
    <property name="file.separator" value="\"/>
    <property name="basedir" value="C:\Users\Juanes\OneDrive\Escritorio\CVDS\Lab02CVDS"/>
    <property name="java.vm.compressedOopsMode" value="Zero based"/>
    <property name="line.separator" value="&#10;"/>
    <property name="java.vm.specification.vendor" value="Oracle Corporation"/>
    <property name="java.specification.name" value="Java Platform API Specification"/>
    <property name="surefire.real.class.path" value="C:\Users\Juanes\AppData\Local\Temp\surefire5389452427092500856\surefirebooter-20240213175256212_3.jar"/>
    <property name="user.script" value=""/>
    <property name="sun.management.compiler" value="HotSpot 64-Bit Tiered Compilers"/>
    <property name="java.runtime.version" value="19+36-2238"/>
    <property name="user.name" value="Juanes"/>
    <property name="stdout.encoding" value="Cp1252"/>
    <property name="path.separator" value=";"/>
    <property name="os.version" value="10.0"/>
    <property name="java.runtime.name" value="Java(TM) SE Runtime Environment"/>
    <property name="file.encoding" value="UTF-8"/>
    <property name="java.vm.name" value="Java HotSpot(TM) 64-Bit Server VM"/>
    <property name="localRepository" value="C:\Users\Juanes\.m2\repository"/>
    <property name="java.vendor.url.bug" value="https://bugreport.java.com/bugreport/"/>
    <property name="java.io.tmpdir" value="C:\Users\Juanes\AppData\Local\Temp\"/>
    <property name="java.version" value="19"/>
    <property name="user.dir" value="C:\Users\Juanes\OneDrive\Escritorio\CVDS\Lab02CVDS"/>
    <property name="os.arch" value="amd64"/>
    <property name="java.vm.specification.name" value="Java Virtual Machine Specification"/>
    <property name="sun.os.patch.level" value=""/>
    <property name="native.encoding" value="Cp1252"/>
    <property name="java.library.path" value="C:\Program Files\Java\jdk-19\bin;C:\Windows\Sun\Java\bin;C:\Windows\system32;C:\Windows;C:\Program Files (x86)\VMware\VMware Player\bin\;C:\Program Files\Common Files\Oracle\Java\javapath;C:\Program Files (x86)\Common Files\Oracle\Java\javapath;C:\ProgramData\Oracle\Java\javapath;C:\Windows\system32;C:\Windows;C:\Windows\System32\Wbem;C:\Windows\System32\WindowsPowerShell\v1.0\;C:\Windows\System32\OpenSSH\;C:\Program Files\dotnet\;C:\Program Files\Git\cmd;C:\Program Files (x86)\NVIDIA Corporation\PhysX\Common;C:\Program Files\NVIDIA Corporation\NVIDIA NvDLISR;C:\Program Files (x86)\dotnet\;C:\workspace\apache-maven-3.9.6-bin\apache-maven-3.9.6\bin;C:\Users\Juanes\AppData\Local\Microsoft\WindowsApps;C:\Users\Juanes\AppData\Local\Programs\Microsoft VS Code\bin;C:\Users\Juanes\AppData\Local\GitHubDesktop\bin;C:\Program Files\heroku\bin;C:\Program Files (x86)\Nmap;."/>
    <property name="java.vm.info" value="mixed mode, sharing"/>
    <property name="stderr.encoding" value="Cp1252"/>
    <property name="java.vendor" value="Oracle Corporation"/>
    <property name="java.vm.version" value="19+36-2238"/>
    <property name="sun.io.unicode.encoding" value="UnicodeLittle"/>
    <property name="java.class.version" value="63.0"/>
  </properties>
  <testcase name="validateUnderAge" classname="eci.edu.cvds.tdd.registry.RegistryTest" time="0.0"/>
  <testcase name="validateAlive" classname="eci.edu.cvds.tdd.registry.RegistryTest" time="0.0"/>
  <testcase name="validateOverAge" classname="eci.edu.cvds.tdd.registry.RegistryTest" time="0.0"/>
  <testcase name="validateGender" classname="eci.edu.cvds.tdd.registry.RegistryTest" time="0.0"/>
  <testcase name="validateId" classname="eci.edu.cvds.tdd.registry.RegistryTest" time="0.0"/>
  <testcase name="validateRegistryResult" classname="eci.edu.cvds.tdd.registry.RegistryTest" time="0.0"/>
  <testcase name="DuplicatedId" classname="eci.edu.cvds.tdd.registry.RegistryTest" time="0.0"/>
  <testcase name="validateEmptyName" classname="eci.edu.cvds.tdd.registry.RegistryTest" time="0.0"/>
</testsuite>